Added Component: Designator=C1(C0805)
Add component. Clean all parameters for all variants
Add component (AddParameter): Name = "LatestRevisionDate"; Value = "29-May-2009"; VariantName = "[No Variations]"
Add component (AddParameter): Name = "LatestRevisionNote"; Value = "IPC-7351 Footprint Added."; VariantName = "[No Variations]"
Add component (AddParameter): Name = "PackageDescription"; Value = "Chip Capacitor"; VariantName = "[No Variations]"
Add component (AddParameter): Name = "PackageReference"; Value = "C0805"; VariantName = "[No Variations]"
Add component (AddParameter): Name = "Published"; Value = "8-Jun-2000"; VariantName = "[No Variations]"
Add component (AddParameter): Name = "Publisher"; Value = "Altium Limited"; VariantName = "[No Variations]"
Add component (AddParameter): Name = "Value"; Value = "100pF"; VariantName = "[No Variations]"
Added Component: Designator=C2(C0805)
Add component. Clean all parameters for all variants
Add component (AddParameter): Name = "LatestRevisionDate"; Value = "29-May-2009"; VariantName = "[No Variations]"
Add component (AddParameter): Name = "LatestRevisionNote"; Value = "IPC-7351 Footprint Added."; VariantName = "[No Variations]"
Add component (AddParameter): Name = "PackageDescription"; Value = "Chip Capacitor"; VariantName = "[No Variations]"
Add component (AddParameter): Name = "PackageReference"; Value = "C0805"; VariantName = "[No Variations]"
Add component (AddParameter): Name = "Published"; Value = "8-Jun-2000"; VariantName = "[No Variations]"
Add component (AddParameter): Name = "Publisher"; Value = "Altium Limited"; VariantName = "[No Variations]"
Add component (AddParameter): Name = "Value"; Value = "100pF"; VariantName = "[No Variations]"
Added Component: Designator=C3(CAPR5-4X5)
Add component. Clean all parameters for all variants
Add component (AddParameter): Name = "PackageDescription"; Value = "Capacitor; 2 Leads"; VariantName = "[No Variations]"
Add component (AddParameter): Name = "PackageReference"; Value = "CAPR5-4X5"; VariantName = "[No Variations]"
Add component (AddParameter): Name = "Published"; Value = "23-Sep-2002"; VariantName = "[No Variations]"
Add component (AddParameter): Name = "Publisher"; Value = "Altium Limited"; VariantName = "[No Variations]"
Add component (AddParameter): Name = "Value"; Value = "100pF"; VariantName = "[No Variations]"
Added Component: Designator=IC*(ESP8266 ESP-01)
Add component. Clean all parameters for all variants
Added Component: Designator=ICSP(ICSP)
Add component. Clean all parameters for all variants
Add component (AddParameter): Name = "Supplier 1"; Value = "Arrow"; VariantName = "[No Variations]"
Add component (AddParameter): Name = "Supplier 2"; Value = "Arrow"; VariantName = "[No Variations]"
Add component (AddParameter): Name = "Supplier 3"; Value = "Digi-Key"; VariantName = "[No Variations]"
Add component (AddParameter): Name = "Supplier 4"; Value = "Arrow"; VariantName = "[No Variations]"
Add component (AddParameter): Name = "Supplier 5"; Value = "Digi-Key"; VariantName = "[No Variations]"
Add component (AddParameter): Name = "Supplier Part Number 1"; Value = "2699117"; VariantName = "[No Variations]"
Add component (AddParameter): Name = "Supplier Part Number 2"; Value = "2699116"; VariantName = "[No Variations]"
Add component (AddParameter): Name = "Supplier Part Number 3"; Value = "SAM1185-06-ND"; VariantName = "[No Variations]"
Add component (AddParameter): Name = "Supplier Part Number 4"; Value = "2699091"; VariantName = "[No Variations]"
Add component (AddParameter): Name = "Supplier Part Number 5"; Value = "SAM1196-06-ND"; VariantName = "[No Variations]"
Added Pin To Net: NetName=3V3 Pin=C1-1
Added Pin To Net: NetName=GND Pin=C1-2
Added Pin To Net: NetName=3V3 Pin=C2-1
Added Pin To Net: NetName=GND Pin=C2-2
Added Pin To Net: NetName=3V3 Pin=C3-1
Added Pin To Net: NetName=GND Pin=C3-2
Added Pin To Net: NetName=AD4 Pin=IC*-1
Added Pin To Net: NetName=3V3 Pin=IC*-2
Added Pin To Net: NetName=AD1 Pin=IC*-6
Added Pin To Net: NetName=GND Pin=IC*-7
Added Pin To Net: NetName=AD5 Pin=IC*-8
Added Pin To Net: NetName=5V Pin=ICSP-2
Added Pin To Net: NetName=RESET Pin=ICSP-5
Added Pin To Net: NetName=GND Pin=ICSP-6
Added Pin To Net: NetName=MISO Pin=ICSP-1
Added Net: Name=MISO
Added Pin To Net: NetName=MOSI Pin=ICSP-4
Added Net: Name=MOSI
Added Pin To Net: NetName=SCK Pin=ICSP-3
Added Net: Name=SCK
Added Member To Class: ClassName=ArduinoUnoShield Member=Component C1 Cap Pol3
Added Member To Class: ClassName=ArduinoUnoShield Member=Component C2 Cap Pol3
Added Member To Class: ClassName=ArduinoUnoShield Member=Component C3 Cap2
Added Member To Class: ClassName=ArduinoUnoShield Member=Component IC* ESP8266 ESP-01
Added Member To Class: ClassName=ArduinoUnoShield Member=Component ICSP
Added Room: Name=ArduinoUnoShield
